[INFO ] 2020-02-26 22:20:45.833 [main] InterestCalculation - <---------SIMPLE AND COMPOUND INTEREST CALCULATION----------->
[INFO ] 2020-02-26 22:20:45.843 [main] InterestCalculation - Enter principle amount : 
[INFO ] 2020-02-26 22:20:50.181 [main] InterestCalculation - 10000.0
[INFO ] 2020-02-26 22:20:50.182 [main] InterestCalculation - Enter rate of interest : 
[INFO ] 2020-02-26 22:20:55.706 [main] InterestCalculation - 3.0
[INFO ] 2020-02-26 22:20:55.707 [main] InterestCalculation - Enter period of time : 
[INFO ] 2020-02-26 22:20:57.581 [main] InterestCalculation - 2
[INFO ] 2020-02-26 22:20:57.582 [main] SimpleAndCompoundInterest - It is a method to calculate SIMPLE INTEREST
[INFO ] 2020-02-26 22:20:57.583 [main] InterestCalculation - Simple interest : 600.0
[INFO ] 2020-02-26 22:20:57.583 [main] SimpleAndCompoundInterest - It is a method to calculate COMPOUND INTEREST
[INFO ] 2020-02-26 22:20:57.583 [main] InterestCalculation - Compound interest : 10609.0
[INFO ] 2020-02-26 22:20:57.583 [main] InterestCalculation - End of main method


[INFO ] 2020-02-26 22:21:22.244 [main] MaterialSelection - Choose material standard to build your house
[INFO ] 2020-02-26 22:21:22.249 [main] MaterialSelection - 1. Standard materials(Cost 1200 INR per square feet)
[INFO ] 2020-02-26 22:21:22.249 [main] MaterialSelection - 2. Above standard materials(Cost 1500 INR per square feet)
[INFO ] 2020-02-26 22:21:22.249 [main] MaterialSelection - 3. High Standard material(Cost 1800 INR per square feet)
[INFO ] 2020-02-26 22:21:22.249 [main] MaterialSelection - Enter your choice in integer: 
[INFO ] 2020-02-26 22:21:28.696 [main] MaterialSelection - 2
[INFO ] 2020-02-26 22:21:28.696 [main] MaterialSelection - Enter area of house in square feet : 
[INFO ] 2020-02-26 22:21:33.976 [main] MaterialSelection - 5.0
[INFO ] 2020-02-26 22:21:33.978 [main] TotalCost - method to calculate cost for construction
[INFO ] 2020-02-26 22:21:33.979 [main] MaterialSelection - Total cost is : 7500.0
[INFO ] 2020-02-26 22:21:33.979 [main] MaterialSelection - End of main method


[INFO ] 2020-02-26 22:21:55.471 [main] MaterialSelection - Choose material standard to build your house
[INFO ] 2020-02-26 22:21:55.471 [main] MaterialSelection - 1. Standard materials(Cost 1200 INR per square feet)
[INFO ] 2020-02-26 22:21:55.475 [main] MaterialSelection - 2. Above standard materials(Cost 1500 INR per square feet)
[INFO ] 2020-02-26 22:21:55.475 [main] MaterialSelection - 3. High Standard material(Cost 1800 INR per square feet)
[INFO ] 2020-02-26 22:21:55.475 [main] MaterialSelection - Enter your choice in integer: 
[INFO ] 2020-02-26 22:22:04.727 [main] MaterialSelection - 4
[ERROR] 2020-02-26 22:22:04.727 [main] MaterialSelection - Your choice is invalid!!!
[INFO ] 2020-02-26 22:22:04.727 [main] MaterialSelection - End of main method


[INFO ] 2020-02-26 22:22:17.474 [main] MaterialSelection - Choose material standard to build your house
[INFO ] 2020-02-26 22:22:17.478 [main] MaterialSelection - 1. Standard materials(Cost 1200 INR per square feet)
[INFO ] 2020-02-26 22:22:17.479 [main] MaterialSelection - 2. Above standard materials(Cost 1500 INR per square feet)
[INFO ] 2020-02-26 22:22:17.479 [main] MaterialSelection - 3. High Standard material(Cost 1800 INR per square feet)
[INFO ] 2020-02-26 22:22:17.479 [main] MaterialSelection - Enter your choice in integer: 
[INFO ] 2020-02-26 22:22:24.290 [main] MaterialSelection - 3
[INFO ] 2020-02-26 22:22:24.290 [main] MaterialSelection - Do you need fully automated house(Cost 2500 INR per square feet
[INFO ] 2020-02-26 22:22:24.291 [main] MaterialSelection - Enter true or false : 
[INFO ] 2020-02-26 22:22:27.691 [main] MaterialSelection - true
[INFO ] 2020-02-26 22:22:27.691 [main] MaterialSelection - Enter area of house in square feet : 
[INFO ] 2020-02-26 22:22:59.401 [main] MaterialSelection - 100.0
[INFO ] 2020-02-26 22:22:59.402 [main] TotalCost - method to calculate cost for construction
[INFO ] 2020-02-26 22:22:59.403 [main] MaterialSelection - Total cost is : 250000.0
[INFO ] 2020-02-26 22:22:59.403 [main] MaterialSelection - End of main method


[INFO ] 2020-02-26 22:23:11.464 [main] MaterialSelection - Choose material standard to build your house
[INFO ] 2020-02-26 22:23:11.471 [main] MaterialSelection - 1. Standard materials(Cost 1200 INR per square feet)
[INFO ] 2020-02-26 22:23:11.472 [main] MaterialSelection - 2. Above standard materials(Cost 1500 INR per square feet)
[INFO ] 2020-02-26 22:23:11.472 [main] MaterialSelection - 3. High Standard material(Cost 1800 INR per square feet)
[INFO ] 2020-02-26 22:23:11.472 [main] MaterialSelection - Enter your choice in integer: 
[INFO ] 2020-02-26 22:23:16.240 [main] MaterialSelection - 3
[INFO ] 2020-02-26 22:23:16.240 [main] MaterialSelection - Do you need fully automated house(Cost 2500 INR per square feet
[INFO ] 2020-02-26 22:23:16.241 [main] MaterialSelection - Enter true or false : 
[INFO ] 2020-02-26 22:23:19.124 [main] MaterialSelection - false
[INFO ] 2020-02-26 22:23:19.125 [main] MaterialSelection - Enter area of house in square feet : 
[INFO ] 2020-02-26 22:23:28.846 [main] MaterialSelection - 100.0
[INFO ] 2020-02-26 22:23:28.849 [main] TotalCost - method to calculate cost for construction
[INFO ] 2020-02-26 22:23:28.849 [main] MaterialSelection - Total cost is : 180000.0
[INFO ] 2020-02-26 22:23:28.849 [main] MaterialSelection - End of main method


